<?xml version="1.0" encoding="UTF-8"?>
<testsuite name="com.db.awmd.challenge.AccountsServiceTest" tests="0" skipped="0" failures="0" errors="0" timestamp="1970-01-01T00:00:00" hostname="Catenate" time="0.0">
  <properties/>
  <system-out><![CDATA[2024-07-09 12:23:46.934  INFO 13176 --- [    Test worker] .b.t.c.SpringBootTestContextBootstrapper : Neither @ContextConfiguration nor @ContextHierarchy found for test class [com.db.awmd.challenge.AccountsServiceTest], using SpringBootContextLoader
2024-07-09 12:23:46.935  INFO 13176 --- [    Test worker] o.s.t.c.support.AbstractContextLoader    : Could not detect default resource locations for test class [com.db.awmd.challenge.AccountsServiceTest]: no resource found for suffixes {-context.xml, Context.groovy}.
2024-07-09 12:23:46.935  INFO 13176 --- [    Test worker] t.c.s.AnnotationConfigContextLoaderUtils : Could not detect default configuration classes for test class [com.db.awmd.challenge.AccountsServiceTest]: AccountsServiceTest does not declare any static, non-private, non-final, nested classes annotated with @Configuration.
2024-07-09 12:23:46.939  INFO 13176 --- [    Test worker] .b.t.c.SpringBootTestContextBootstrapper : Found @SpringBootConfiguration com.db.awmd.challenge.DevChallengeApplication for test class com.db.awmd.challenge.AccountsServiceTest
2024-07-09 12:23:46.942  INFO 13176 --- [    Test worker] .b.t.c.SpringBootTestContextBootstrapper : Loaded default TestExecutionListener class names from location [META-INF/spring.factories]: [org.springframework.boot.test.autoconfigure.restdocs.RestDocsTestExecutionListener, org.springframework.boot.test.autoconfigure.web.client.MockRestServiceServerResetTestExecutionListener, org.springframework.boot.test.autoconfigure.web.servlet.MockMvcPrintOnlyOnFailureTestExecutionListener, org.springframework.boot.test.autoconfigure.web.servlet.WebDriverTestExecutionListener, org.springframework.boot.test.mock.mockito.MockitoTestExecutionListener, org.springframework.boot.test.mock.mockito.ResetMocksTestExecutionListener, org.springframework.test.context.web.ServletTestExecutionListener, org.springframework.test.context.support.DirtiesContextBeforeModesTestExecutionListener, org.springframework.test.context.support.DependencyInjectionTestExecutionListener, org.springframework.test.context.support.DirtiesContextTestExecutionListener, org.springframework.test.context.transaction.TransactionalTestExecutionListener, org.springframework.test.context.jdbc.SqlScriptsTestExecutionListener]
2024-07-09 12:23:46.945  INFO 13176 --- [    Test worker] .b.t.c.SpringBootTestContextBootstrapper : Could not instantiate TestExecutionListener [org.springframework.test.context.jdbc.SqlScriptsTestExecutionListener]. Specify custom listener classes or make the default listener classes (and their required dependencies) available. Offending class: [org/springframework/transaction/interceptor/TransactionAttribute]
2024-07-09 12:23:46.946  INFO 13176 --- [    Test worker] .b.t.c.SpringBootTestContextBootstrapper : Could not instantiate TestExecutionListener [org.springframework.test.context.transaction.TransactionalTestExecutionListener]. Specify custom listener classes or make the default listener classes (and their required dependencies) available. Offending class: [org/springframework/transaction/interceptor/TransactionAttributeSource]
2024-07-09 12:23:46.947  INFO 13176 --- [    Test worker] .b.t.c.SpringBootTestContextBootstrapper : Using TestExecutionListeners: [org.springframework.test.context.web.ServletTestExecutionListener@64fb6b83, org.springframework.test.context.support.DirtiesContextBeforeModesTestExecutionListener@48c398d0, org.springframework.boot.test.autoconfigure.SpringBootDependencyInjectionTestExecutionListener@2b0b9dbe, org.springframework.test.context.support.DirtiesContextTestExecutionListener@4849e5c6, org.springframework.boot.test.mock.mockito.MockitoTestExecutionListener@7751283f, org.springframework.boot.test.autoconfigure.web.client.MockRestServiceServerResetTestExecutionListener@23803b1d, org.springframework.boot.test.autoconfigure.web.servlet.MockMvcPrintOnlyOnFailureTestExecutionListener@5491a4be, org.springframework.boot.test.autoconfigure.restdocs.RestDocsTestExecutionListener@53711c3f, org.springframework.boot.test.mock.mockito.ResetMocksTestExecutionListener@2d9fc6be, org.springframework.boot.test.autoconfigure.web.servlet.WebDriverTestExecutionListener@f6548c3]
]]></system-out>
  <system-err><![CDATA[]]></system-err>
</testsuite>
