<?xml version="1.0" encoding="UTF-8"?>
<testsuite name="com.db.awmd.challenge.AccountsControllerTest" tests="11" skipped="0" failures="0" errors="0" timestamp="2024-07-09T10:23:46" hostname="Catenate" time="0.427">
  <properties/>
  <testcase name="testMoneyTransfer_invalidAmount" classname="com.db.awmd.challenge.AccountsControllerTest" time="0.172"/>
  <testcase name="createDuplicateAccount" classname="com.db.awmd.challenge.AccountsControllerTest" time="0.104"/>
  <testcase name="getAccount" classname="com.db.awmd.challenge.AccountsControllerTest" time="0.014"/>
  <testcase name="testMoneyTransfer_insufficientBalance" classname="com.db.awmd.challenge.AccountsControllerTest" time="0.006"/>
  <testcase name="createAccountNegativeBalance" classname="com.db.awmd.challenge.AccountsControllerTest" time="0.026"/>
  <testcase name="createAccountEmptyAccountId" classname="com.db.awmd.challenge.AccountsControllerTest" time="0.019"/>
  <testcase name="createAccountNoBody" classname="com.db.awmd.challenge.AccountsControllerTest" time="0.006"/>
  <testcase name="createAccount" classname="com.db.awmd.challenge.AccountsControllerTest" time="0.046"/>
  <testcase name="createAccountNoAccountId" classname="com.db.awmd.challenge.AccountsControllerTest" time="0.008"/>
  <testcase name="testMoneyTransfer_success" classname="com.db.awmd.challenge.AccountsControllerTest" time="0.01"/>
  <testcase name="createAccountNoBalance" classname="com.db.awmd.challenge.AccountsControllerTest" time="0.008"/>
  <system-out><![CDATA[12:23:44.420 [Test worker] DEBUG org.springframework.test.context.junit4.SpringJUnit4ClassRunner - SpringJUnit4ClassRunner constructor called with [class com.db.awmd.challenge.AccountsControllerTest]
12:23:44.427 [Test worker] DEBUG org.springframework.test.context.BootstrapUtils - Instantiating CacheAwareContextLoaderDelegate from class [org.springframework.test.context.cache.DefaultCacheAwareContextLoaderDelegate]
12:23:44.436 [Test worker] DEBUG org.springframework.test.context.BootstrapUtils - Instantiating BootstrapContext using constructor [public org.springframework.test.context.support.DefaultBootstrapContext(java.lang.Class,org.springframework.test.context.CacheAwareContextLoaderDelegate)]
12:23:44.449 [Test worker] DEBUG org.springframework.test.context.BootstrapUtils - Instantiating TestContextBootstrapper for test class [com.db.awmd.challenge.AccountsControllerTest] from class [org.springframework.boot.test.context.SpringBootTestContextBootstrapper]
12:23:44.456 [Test worker] INFO org.springframework.boot.test.context.SpringBootTestContextBootstrapper - Neither @ContextConfiguration nor @ContextHierarchy found for test class [com.db.awmd.challenge.AccountsControllerTest], using SpringBootContextLoader
12:23:44.459 [Test worker] DEBUG org.springframework.test.context.support.AbstractContextLoader - Did not detect default resource location for test class [com.db.awmd.challenge.AccountsControllerTest]: class path resource [com/db/awmd/challenge/AccountsControllerTest-context.xml] does not exist
12:23:44.459 [Test worker] DEBUG org.springframework.test.context.support.AbstractContextLoader - Did not detect default resource location for test class [com.db.awmd.challenge.AccountsControllerTest]: class path resource [com/db/awmd/challenge/AccountsControllerTestContext.groovy] does not exist
12:23:44.460 [Test worker] INFO org.springframework.test.context.support.AbstractContextLoader - Could not detect default resource locations for test class [com.db.awmd.challenge.AccountsControllerTest]: no resource found for suffixes {-context.xml, Context.groovy}.
12:23:44.460 [Test worker] INFO org.springframework.test.context.support.AnnotationConfigContextLoaderUtils - Could not detect default configuration classes for test class [com.db.awmd.challenge.AccountsControllerTest]: AccountsControllerTest does not declare any static, non-private, non-final, nested classes annotated with @Configuration.
12:23:44.496 [Test worker] DEBUG org.springframework.test.context.support.ActiveProfilesUtils - Could not find an 'annotation declaring class' for annotation type [org.springframework.test.context.ActiveProfiles] and class [com.db.awmd.challenge.AccountsControllerTest]
12:23:44.509 [Test worker] DEBUG org.springframework.core.env.StandardEnvironment - Adding [systemProperties] PropertySource with lowest search precedence
12:23:44.511 [Test worker] DEBUG org.springframework.core.env.StandardEnvironment - Adding [systemEnvironment] PropertySource with lowest search precedence
12:23:44.511 [Test worker] DEBUG org.springframework.core.env.StandardEnvironment - Initialized StandardEnvironment with PropertySources [systemProperties,systemEnvironment]
12:23:44.521 [Test worker] DEBUG org.springframework.core.io.support.PathMatchingResourcePatternResolver - Resolved classpath location [com/db/awmd/challenge/] to resources [URL [file:/C:/dev/Challenge/build/classes/java/test/com/db/awmd/challenge/], URL [file:/C:/dev/Challenge/build/classes/java/main/com/db/awmd/challenge/]]
12:23:44.521 [Test worker] DEBUG org.springframework.core.io.support.PathMatchingResourcePatternResolver - Looking for matching resources in directory tree [C:\dev\Challenge\build\classes\java\test\com\db\awmd\challenge]
12:23:44.522 [Test worker] DEBUG org.springframework.core.io.support.PathMatchingResourcePatternResolver - Searching directory [C:\dev\Challenge\build\classes\java\test\com\db\awmd\challenge] for files matching pattern [C:/dev/Challenge/build/classes/java/test/com/db/awmd/challenge/*.class]
12:23:44.525 [Test worker] DEBUG org.springframework.core.io.support.PathMatchingResourcePatternResolver - Looking for matching resources in directory tree [C:\dev\Challenge\build\classes\java\main\com\db\awmd\challenge]
12:23:44.525 [Test worker] DEBUG org.springframework.core.io.support.PathMatchingResourcePatternResolver - Searching directory [C:\dev\Challenge\build\classes\java\main\com\db\awmd\challenge] for files matching pattern [C:/dev/Challenge/build/classes/java/main/com/db/awmd/challenge/*.class]
12:23:44.526 [Test worker] DEBUG org.springframework.core.io.support.PathMatchingResourcePatternResolver - Resolved location pattern [classpath*:com/db/awmd/challenge/*.class] to resources [file [C:\dev\Challenge\build\classes\java\test\com\db\awmd\challenge\AccountsControllerTest.class], file [C:\dev\Challenge\build\classes\java\test\com\db\awmd\challenge\AccountsServiceTest.class], file [C:\dev\Challenge\build\classes\java\main\com\db\awmd\challenge\DevChallengeApplication.class]]
12:23:44.582 [Test worker] DEBUG org.springframework.context.annotation.ClassPathScanningCandidateComponentProvider - Identified candidate component class: file [C:\dev\Challenge\build\classes\java\main\com\db\awmd\challenge\DevChallengeApplication.class]
12:23:44.583 [Test worker] INFO org.springframework.boot.test.context.SpringBootTestContextBootstrapper - Found @SpringBootConfiguration com.db.awmd.challenge.DevChallengeApplication for test class com.db.awmd.challenge.AccountsControllerTest
12:23:44.586 [Test worker] DEBUG org.springframework.boot.test.context.SpringBootTestContextBootstrapper - @TestExecutionListeners is not present for class [com.db.awmd.challenge.AccountsControllerTest]: using defaults.
12:23:44.590 [Test worker] INFO org.springframework.boot.test.context.SpringBootTestContextBootstrapper - Loaded default TestExecutionListener class names from location [META-INF/spring.factories]: [org.springframework.boot.test.autoconfigure.restdocs.RestDocsTestExecutionListener, org.springframework.boot.test.autoconfigure.web.client.MockRestServiceServerResetTestExecutionListener, org.springframework.boot.test.autoconfigure.web.servlet.MockMvcPrintOnlyOnFailureTestExecutionListener, org.springframework.boot.test.autoconfigure.web.servlet.WebDriverTestExecutionListener, org.springframework.boot.test.mock.mockito.MockitoTestExecutionListener, org.springframework.boot.test.mock.mockito.ResetMocksTestExecutionListener, org.springframework.test.context.web.ServletTestExecutionListener, org.springframework.test.context.support.DirtiesContextBeforeModesTestExecutionListener, org.springframework.test.context.support.DependencyInjectionTestExecutionListener, org.springframework.test.context.support.DirtiesContextTestExecutionListener, org.springframework.test.context.transaction.TransactionalTestExecutionListener, org.springframework.test.context.jdbc.SqlScriptsTestExecutionListener]
12:23:44.599 [Test worker] INFO org.springframework.boot.test.context.SpringBootTestContextBootstrapper - Could not instantiate TestExecutionListener [org.springframework.test.context.jdbc.SqlScriptsTestExecutionListener]. Specify custom listener classes or make the default listener classes (and their required dependencies) available. Offending class: [org/springframework/transaction/interceptor/TransactionAttribute]
12:23:44.600 [Test worker] INFO org.springframework.boot.test.context.SpringBootTestContextBootstrapper - Could not instantiate TestExecutionListener [org.springframework.test.context.transaction.TransactionalTestExecutionListener]. Specify custom listener classes or make the default listener classes (and their required dependencies) available. Offending class: [org/springframework/transaction/interceptor/TransactionAttributeSource]
12:23:44.603 [Test worker] INFO org.springframework.boot.test.context.SpringBootTestContextBootstrapper - Using TestExecutionListeners: [org.springframework.test.context.web.ServletTestExecutionListener@126070a9, org.springframework.test.context.support.DirtiesContextBeforeModesTestExecutionListener@988c21, org.springframework.boot.test.autoconfigure.SpringBootDependencyInjectionTestExecutionListener@45404857, org.springframework.test.context.support.DirtiesContextTestExecutionListener@231c88bc, org.springframework.boot.test.mock.mockito.MockitoTestExecutionListener@32e8414e, org.springframework.boot.test.autoconfigure.web.client.MockRestServiceServerResetTestExecutionListener@76552ab6, org.springframework.boot.test.autoconfigure.web.servlet.MockMvcPrintOnlyOnFailureTestExecutionListener@3110c6db, org.springframework.boot.test.autoconfigure.restdocs.RestDocsTestExecutionListener@760ee12d, org.springframework.boot.test.mock.mockito.ResetMocksTestExecutionListener@61c2c93, org.springframework.boot.test.autoconfigure.web.servlet.WebDriverTestExecutionListener@5943b67c]
12:23:44.606 [Test worker] DEBUG org.springframework.test.annotation.ProfileValueUtils - Retrieved @ProfileValueSourceConfiguration [null] for test class [com.db.awmd.challenge.AccountsControllerTest]
12:23:44.606 [Test worker] DEBUG org.springframework.test.annotation.ProfileValueUtils - Retrieved ProfileValueSource type [class org.springframework.test.annotation.SystemProfileValueSource] for class [com.db.awmd.challenge.AccountsControllerTest]
12:23:44.608 [Test worker] DEBUG org.springframework.test.annotation.ProfileValueUtils - Retrieved @ProfileValueSourceConfiguration [null] for test class [com.db.awmd.challenge.AccountsControllerTest]
12:23:44.608 [Test worker] DEBUG org.springframework.test.annotation.ProfileValueUtils - Retrieved ProfileValueSource type [class org.springframework.test.annotation.SystemProfileValueSource] for class [com.db.awmd.challenge.AccountsControllerTest]
12:23:44.609 [Test worker] DEBUG org.springframework.test.annotation.ProfileValueUtils - Retrieved @ProfileValueSourceConfiguration [null] for test class [com.db.awmd.challenge.AccountsControllerTest]
12:23:44.609 [Test worker] DEBUG org.springframework.test.annotation.ProfileValueUtils - Retrieved ProfileValueSource type [class org.springframework.test.annotation.SystemProfileValueSource] for class [com.db.awmd.challenge.AccountsControllerTest]
12:23:44.612 [Test worker] DEBUG org.springframework.test.context.support.AbstractDirtiesContextTestExecutionListener - Before test class: context [DefaultTestContext@46d55d22 testClass = AccountsControllerTest, testInstance = [null], testMethod = [null], testException = [null], mergedContextConfiguration = [WebMergedContextConfiguration@461f9ccd testClass = AccountsControllerTest, locations = '{}', classes = '{class com.db.awmd.challenge.DevChallengeApplication}', contextInitializerClasses = '[]', activeProfiles = '{}', propertySourceLocations = '{}', propertySourceProperties = '{org.springframework.boot.test.context.SpringBootTestContextBootstrapper=true}', contextCustomizers = set[org.springframework.boot.test.autoconfigure.properties.PropertyMappingContextCustomizer@0, org.springframework.boot.test.autoconfigure.web.servlet.WebDriverContextCustomizerFactory$Customizer@9b77c10, org.springframework.boot.test.context.SpringBootTestContextCustomizer@790eb24b, org.springframework.boot.test.context.filter.ExcludeFilterContextCustomizer@28de0dd8, org.springframework.boot.test.json.DuplicateJsonObjectContextCustomizerFactory$DuplicateJsonObjectContextCustomizer@ebfe40a, org.springframework.boot.test.mock.mockito.MockitoContextCustomizer@0, org.springframework.test.context.web.socket.MockServerContainerContextCustomizer@48086b64], resourceBasePath = 'src/main/webapp', contextLoader = 'org.springframework.boot.test.context.SpringBootContextLoader', parent = [null]]], class annotated with @DirtiesContext [false] with mode [null].
12:23:44.613 [Test worker] DEBUG org.springframework.test.annotation.ProfileValueUtils - Retrieved @ProfileValueSourceConfiguration [null] for test class [com.db.awmd.challenge.AccountsControllerTest]
12:23:44.613 [Test worker] DEBUG org.springframework.test.annotation.ProfileValueUtils - Retrieved ProfileValueSource type [class org.springframework.test.annotation.SystemProfileValueSource] for class [com.db.awmd.challenge.AccountsControllerTest]
12:23:44.664 [Test worker] DEBUG org.springframework.core.env.StandardEnvironment - Adding [systemProperties] PropertySource with lowest search precedence
12:23:44.664 [Test worker] DEBUG org.springframework.core.env.StandardEnvironment - Adding [systemEnvironment] PropertySource with lowest search precedence
12:23:44.664 [Test worker] DEBUG org.springframework.core.env.StandardEnvironment - Initialized StandardEnvironment with PropertySources [systemProperties,systemEnvironment]
12:23:44.666 [Test worker] DEBUG org.springframework.core.env.MutablePropertySources - Adding [inline] PropertySource with highest search precedence
12:23:44.671 [Test worker] DEBUG org.springframework.test.context.support.TestPropertySourceUtils - Adding inlined properties to environment: {spring.jmx.enabled=false, org.springframework.boot.test.context.SpringBootTestContextBootstrapper=true, server.port=-1}
12:23:44.671 [Test worker] DEBUG org.springframework.core.env.StandardEnvironment - Adding [Inlined Test Properties] PropertySource with highest search precedence

  .   ____          _            __ _ _
 /\\ / ___'_ __ _ _(_)_ __  __ _ \ \ \ \
( ( )\___ | '_ | '_| | '_ \/ _` | \ \ \ \
 \\/  ___)| |_)| | | | | || (_| |  ) ) ) )
  '  |____| .__|_| |_|_| |_\__, | / / / /
 =========|_|==============|___/=/_/_/_/
 :: Spring Boot ::        (v1.5.4.RELEASE)

2024-07-09 12:23:44.968  INFO 13176 --- [    Test worker] c.d.a.challenge.AccountsControllerTest   : Starting AccountsControllerTest on Catenate with PID 13176 (started by catenate in C:\dev\Challenge)
2024-07-09 12:23:44.969  INFO 13176 --- [    Test worker] c.d.a.challenge.AccountsControllerTest   : No active profile set, falling back to default profiles: default
2024-07-09 12:23:45.006  INFO 13176 --- [    Test worker] o.s.w.c.s.GenericWebApplicationContext   : Refreshing org.springframework.web.context.support.GenericWebApplicationContext@2771b81b: startup date [Tue Jul 09 12:23:45 CEST 2024]; root of context hierarchy
2024-07-09 12:23:46.209  INFO 13176 --- [    Test worker] s.w.s.m.m.a.RequestMappingHandlerAdapter : Looking for @ControllerAdvice: org.springframework.web.context.support.GenericWebApplicationContext@2771b81b: startup date [Tue Jul 09 12:23:45 CEST 2024]; root of context hierarchy
2024-07-09 12:23:46.278  INFO 13176 --- [    Test worker] s.w.s.m.m.a.RequestMappingHandlerMapping : Mapped "{[/v1/accounts/transfer],methods=[POST]}" onto public org.springframework.http.ResponseEntity<java.lang.String> com.db.awmd.challenge.web.AccountsController.moneyTransfer(com.db.awmd.challenge.domain.TransferRequestDTO)
2024-07-09 12:23:46.279  INFO 13176 --- [    Test worker] s.w.s.m.m.a.RequestMappingHandlerMapping : Mapped "{[/v1/accounts],methods=[POST],consumes=[application/json]}" onto public org.springframework.http.ResponseEntity<java.lang.Object> com.db.awmd.challenge.web.AccountsController.createAccount(com.db.awmd.challenge.domain.Account)
2024-07-09 12:23:46.279  INFO 13176 --- [    Test worker] s.w.s.m.m.a.RequestMappingHandlerMapping : Mapped "{[/v1/accounts/{accountId}],methods=[GET]}" onto public com.db.awmd.challenge.domain.Account com.db.awmd.challenge.web.AccountsController.getAccount(java.lang.String)
2024-07-09 12:23:46.281  INFO 13176 --- [    Test worker] s.w.s.m.m.a.RequestMappingHandlerMapping : Mapped "{[/error]}" onto public org.springframework.http.ResponseEntity<java.util.Map<java.lang.String, java.lang.Object>> org.springframework.boot.autoconfigure.web.BasicErrorController.error(javax.servlet.http.HttpServletRequest)
2024-07-09 12:23:46.281  INFO 13176 --- [    Test worker] s.w.s.m.m.a.RequestMappingHandlerMapping : Mapped "{[/error],produces=[text/html]}" onto public org.springframework.web.servlet.ModelAndView org.springframework.boot.autoconfigure.web.BasicErrorController.errorHtml(javax.servlet.http.HttpServletRequest,javax.servlet.http.HttpServletResponse)
2024-07-09 12:23:46.317  INFO 13176 --- [    Test worker] o.s.w.s.handler.SimpleUrlHandlerMapping  : Mapped URL path [/webjars/**] onto handler of type [class org.springframework.web.servlet.resource.ResourceHttpRequestHandler]
2024-07-09 12:23:46.317  INFO 13176 --- [    Test worker] o.s.w.s.handler.SimpleUrlHandlerMapping  : Mapped URL path [/**] onto handler of type [class org.springframework.web.servlet.resource.ResourceHttpRequestHandler]
2024-07-09 12:23:46.350  INFO 13176 --- [    Test worker] o.s.w.s.handler.SimpleUrlHandlerMapping  : Mapped URL path [/**/favicon.ico] onto handler of type [class org.springframework.web.servlet.resource.ResourceHttpRequestHandler]
2024-07-09 12:23:46.487  INFO 13176 --- [    Test worker] c.d.a.challenge.AccountsControllerTest   : Started AccountsControllerTest in 1.807 seconds (JVM running for 2.888)
2024-07-09 12:23:46.530  INFO 13176 --- [    Test worker] o.s.b.t.m.w.SpringBootMockServletContext : Initializing Spring FrameworkServlet ''
2024-07-09 12:23:46.530  INFO 13176 --- [    Test worker] o.s.t.web.servlet.TestDispatcherServlet  : FrameworkServlet '': initialization started
2024-07-09 12:23:46.542  INFO 13176 --- [    Test worker] o.s.t.web.servlet.TestDispatcherServlet  : FrameworkServlet '': initialization completed in 12 ms
2024-07-09 12:23:46.678  INFO 13176 --- [    Test worker] o.s.b.t.m.w.SpringBootMockServletContext : Initializing Spring FrameworkServlet ''
2024-07-09 12:23:46.678  INFO 13176 --- [    Test worker] o.s.t.web.servlet.TestDispatcherServlet  : FrameworkServlet '': initialization started
2024-07-09 12:23:46.680  INFO 13176 --- [    Test worker] o.s.t.web.servlet.TestDispatcherServlet  : FrameworkServlet '': initialization completed in 2 ms
2024-07-09 12:23:46.776  INFO 13176 --- [    Test worker] c.d.a.challenge.web.AccountsController   : Creating account Account(accountId=Id-123, balance=1000)
2024-07-09 12:23:46.780  INFO 13176 --- [    Test worker] c.d.a.challenge.web.AccountsController   : Creating account Account(accountId=Id-123, balance=1000)
2024-07-09 12:23:46.782  INFO 13176 --- [    Test worker] o.s.b.t.m.w.SpringBootMockServletContext : Initializing Spring FrameworkServlet ''
2024-07-09 12:23:46.782  INFO 13176 --- [    Test worker] o.s.t.web.servlet.TestDispatcherServlet  : FrameworkServlet '': initialization started
2024-07-09 12:23:46.784  INFO 13176 --- [    Test worker] o.s.t.web.servlet.TestDispatcherServlet  : FrameworkServlet '': initialization completed in 2 ms
2024-07-09 12:23:46.787  INFO 13176 --- [    Test worker] c.d.a.challenge.web.AccountsController   : Retrieving account for id Id-1720520626785
2024-07-09 12:23:46.797  INFO 13176 --- [    Test worker] o.s.b.t.m.w.SpringBootMockServletContext : Initializing Spring FrameworkServlet ''
2024-07-09 12:23:46.797  INFO 13176 --- [    Test worker] o.s.t.web.servlet.TestDispatcherServlet  : FrameworkServlet '': initialization started
2024-07-09 12:23:46.799  INFO 13176 --- [    Test worker] o.s.t.web.servlet.TestDispatcherServlet  : FrameworkServlet '': initialization completed in 2 ms
2024-07-09 12:23:46.803  INFO 13176 --- [    Test worker] o.s.b.t.m.w.SpringBootMockServletContext : Initializing Spring FrameworkServlet ''
2024-07-09 12:23:46.804  INFO 13176 --- [    Test worker] o.s.t.web.servlet.TestDispatcherServlet  : FrameworkServlet '': initialization started
2024-07-09 12:23:46.807  INFO 13176 --- [    Test worker] o.s.t.web.servlet.TestDispatcherServlet  : FrameworkServlet '': initialization completed in 3 ms
2024-07-09 12:23:46.831  INFO 13176 --- [    Test worker] o.s.b.t.m.w.SpringBootMockServletContext : Initializing Spring FrameworkServlet ''
2024-07-09 12:23:46.832  INFO 13176 --- [    Test worker] o.s.t.web.servlet.TestDispatcherServlet  : FrameworkServlet '': initialization started
2024-07-09 12:23:46.834  INFO 13176 --- [    Test worker] o.s.t.web.servlet.TestDispatcherServlet  : FrameworkServlet '': initialization completed in 2 ms
2024-07-09 12:23:46.851  INFO 13176 --- [    Test worker] o.s.b.t.m.w.SpringBootMockServletContext : Initializing Spring FrameworkServlet ''
2024-07-09 12:23:46.851  INFO 13176 --- [    Test worker] o.s.t.web.servlet.TestDispatcherServlet  : FrameworkServlet '': initialization started
2024-07-09 12:23:46.853  INFO 13176 --- [    Test worker] o.s.t.web.servlet.TestDispatcherServlet  : FrameworkServlet '': initialization completed in 2 ms
2024-07-09 12:23:46.854  WARN 13176 --- [    Test worker] .w.s.m.s.DefaultHandlerExceptionResolver : Failed to read HTTP message: org.springframework.http.converter.HttpMessageNotReadableException: Required request body is missing: public org.springframework.http.ResponseEntity<java.lang.Object> com.db.awmd.challenge.web.AccountsController.createAccount(com.db.awmd.challenge.domain.Account)
2024-07-09 12:23:46.857  INFO 13176 --- [    Test worker] o.s.b.t.m.w.SpringBootMockServletContext : Initializing Spring FrameworkServlet ''
2024-07-09 12:23:46.858  INFO 13176 --- [    Test worker] o.s.t.web.servlet.TestDispatcherServlet  : FrameworkServlet '': initialization started
2024-07-09 12:23:46.859  INFO 13176 --- [    Test worker] o.s.t.web.servlet.TestDispatcherServlet  : FrameworkServlet '': initialization completed in 1 ms
2024-07-09 12:23:46.862  INFO 13176 --- [    Test worker] c.d.a.challenge.web.AccountsController   : Creating account Account(accountId=Id-123, balance=1000)
2024-07-09 12:23:46.904  INFO 13176 --- [    Test worker] o.s.b.t.m.w.SpringBootMockServletContext : Initializing Spring FrameworkServlet ''
2024-07-09 12:23:46.904  INFO 13176 --- [    Test worker] o.s.t.web.servlet.TestDispatcherServlet  : FrameworkServlet '': initialization started
2024-07-09 12:23:46.907  INFO 13176 --- [    Test worker] o.s.t.web.servlet.TestDispatcherServlet  : FrameworkServlet '': initialization completed in 3 ms
2024-07-09 12:23:46.914  INFO 13176 --- [    Test worker] o.s.b.t.m.w.SpringBootMockServletContext : Initializing Spring FrameworkServlet ''
2024-07-09 12:23:46.915  INFO 13176 --- [    Test worker] o.s.t.web.servlet.TestDispatcherServlet  : FrameworkServlet '': initialization started
2024-07-09 12:23:46.917  INFO 13176 --- [    Test worker] o.s.t.web.servlet.TestDispatcherServlet  : FrameworkServlet '': initialization completed in 2 ms
2024-07-09 12:23:46.920  INFO 13176 --- [    Test worker] c.d.a.c.s.EmailNotificationService       : Sending notification to owner of 1: Transfer successful. Your new balance is50
2024-07-09 12:23:46.920  INFO 13176 --- [    Test worker] c.d.a.c.s.EmailNotificationService       : Sending notification to owner of 2: Transfer successful. Your new balance is100
2024-07-09 12:23:46.925  INFO 13176 --- [    Test worker] o.s.b.t.m.w.SpringBootMockServletContext : Initializing Spring FrameworkServlet ''
2024-07-09 12:23:46.925  INFO 13176 --- [    Test worker] o.s.t.web.servlet.TestDispatcherServlet  : FrameworkServlet '': initialization started
2024-07-09 12:23:46.927  INFO 13176 --- [    Test worker] o.s.t.web.servlet.TestDispatcherServlet  : FrameworkServlet '': initialization completed in 2 ms
]]></system-out>
  <system-err><![CDATA[]]></system-err>
</testsuite>
